<?xml version="1.0" encoding="UTF-8"?>
<testng-results ignored="0" total="1" passed="1" failed="0" skipped="0">
  <reporter-output>
  </reporter-output>
  <suite started-at="2022-12-21T12:09:30 CST" name="Default suite" finished-at="2022-12-21T12:10:08 CST" duration-ms="37930">
    <groups>
    </groups>
    <test started-at="2022-12-21T12:09:30 CST" name="Default test" finished-at="2022-12-21T12:10:08 CST" duration-ms="37930">
      <class name="com.testPom.DynamicLocator">
        <test-method signature="satisficelocator()[pri:0, instance:com.testPom.DynamicLocator@378542de]" started-at="2022-12-21T12:09:30 CST" name="satisficelocator" finished-at="2022-12-21T12:10:08 CST" duration-ms="37880" status="PASS">
          <reporter-output>
          </reporter-output>
        </test-method> <!-- satisficelocator -->
      </class> <!-- com.testPom.DynamicLocator -->
    </test> <!-- Default test -->
  </suite> <!-- Default suite -->
</testng-results>
